<?xml version="1.0" encoding="UTF-8"?>
<!-- Generated by org.testng.reporters.JUnitReportReporter -->
<testsuite hostname="PIL-mq8VfuuAxoZ" failures="0" tests="1" name="test.java.Testcases.TestScenario1" time="20.675" errors="0" timestamp="2025-01-25T19:11:49 IST" skipped="0">
  <testcase classname="test.java.Testcases.TestScenario1" name="TestCase1" time="20.675"/>
</testsuite> <!-- test.java.Testcases.TestScenario1 -->
