<?xml version="1.0" encoding="UTF-8"?>
<!-- Generated by org.testng.reporters.JUnitReportReporter -->
<testsuite hostname="PIL-mq8VfuuAxoZ" failures="0" tests="1" name="test.java.Testcases.TestScenario3" time="68.950" errors="0" timestamp="2025-01-25T19:11:49 IST" skipped="0">
  <testcase classname="test.java.Testcases.TestScenario3" name="TestCase3" time="68.950"/>
</testsuite> <!-- test.java.Testcases.TestScenario3 -->
